<?xml version="1.0" encoding="UTF-8"?>
<testng-results ignored="0" total="2" passed="2" failed="0" skipped="0">
  <reporter-output>
  </reporter-output>
  <suite started-at="2025-11-15T19:31:46 IST" name="Aerfin Test Suite" finished-at="2025-11-15T19:32:34 IST" duration-ms="48071">
    <groups>
    </groups>
    <test started-at="2025-11-15T19:31:46 IST" name="All Tests" finished-at="2025-11-15T19:32:34 IST" duration-ms="48071">
      <class name="automation.tests.InventoriesTest">
        <test-method is-config="true" signature="setup()[pri:0, instance:automation.tests.InventoriesTest@479ceda0]" started-at="2025-11-15T19:31:46 IST" name="setup" finished-at="2025-11-15T19:31:51 IST" duration-ms="4885" status="PASS">
          <reporter-output>
          </reporter-output>
        </test-method> <!-- setup -->
        <test-method signature="verifylogin()[pri:0, instance:automation.tests.InventoriesTest@479ceda0]" started-at="2025-11-15T19:31:51 IST" name="verifylogin" finished-at="2025-11-15T19:31:54 IST" duration-ms="3284" status="PASS">
          <reporter-output>
          </reporter-output>
        </test-method> <!-- verifylogin -->
        <test-method is-config="true" signature="afterMethod(org.testng.ITestResult)[pri:0, instance:automation.tests.InventoriesTest@479ceda0]" started-at="2025-11-15T19:31:54 IST" name="afterMethod" finished-at="2025-11-15T19:31:55 IST" duration-ms="705" status="PASS">
          <params>
            <param index="0">
              <value>
                <![CDATA[[TestResult name=verifylogin status=SUCCESS method=InventoriesTest.verifylogin()[pri:0, instance:automation.tests.InventoriesTest@479ceda0] output={null}]]]>
              </value>
            </param>
          </params>
          <reporter-output>
          </reporter-output>
        </test-method> <!-- afterMethod -->
        <test-method signature="inventories()[pri:1, instance:automation.tests.InventoriesTest@479ceda0]" started-at="2025-11-15T19:31:55 IST" name="inventories" finished-at="2025-11-15T19:32:33 IST" depends-on-methods="automation.tests.InventoriesTest.verifylogin" duration-ms="38593" status="PASS">
          <reporter-output>
          </reporter-output>
        </test-method> <!-- inventories -->
        <test-method is-config="true" signature="afterMethod(org.testng.ITestResult)[pri:0, instance:automation.tests.InventoriesTest@479ceda0]" started-at="2025-11-15T19:32:33 IST" name="afterMethod" finished-at="2025-11-15T19:32:33 IST" duration-ms="54" status="PASS">
          <params>
            <param index="0">
              <value>
                <![CDATA[[TestResult name=inventories status=SUCCESS method=InventoriesTest.inventories()[pri:1, instance:automation.tests.InventoriesTest@479ceda0] output={null}]]]>
              </value>
            </param>
          </params>
          <reporter-output>
          </reporter-output>
        </test-method> <!-- afterMethod -->
        <test-method is-config="true" signature="afterTest()[pri:0, instance:automation.tests.InventoriesTest@479ceda0]" started-at="2025-11-15T19:32:33 IST" name="afterTest" finished-at="2025-11-15T19:32:34 IST" duration-ms="471" status="PASS">
          <reporter-output>
          </reporter-output>
        </test-method> <!-- afterTest -->
      </class> <!-- automation.tests.InventoriesTest -->
    </test> <!-- All Tests -->
  </suite> <!-- Aerfin Test Suite -->
</testng-results>
