<?xml version="1.0" encoding="UTF-8"?>
<testsuite xmlns:xsi="http://www.w3.org/2001/XMLSchema-instance" xsi:noNamespaceSchemaLocation="https://maven.apache.org/surefire/maven-surefire-plugin/xsd/surefire-test-report.xsd" version="3.0.2" name="TestSuite" time="48.923" tests="2" errors="0" skipped="0" failures="0">
  <properties>
[...]
</properties>
  <testcase name="verifylogin" classname="automation.tests.InventoriesTest" time="3.284">
    <system-out><![CDATA[chrome
browser started
]]></system-out>
    <system-err><![CDATA[Nov 15, 2025 7:31:47 PM org.openqa.selenium.devtools.CdpVersionFinder findNearestMatch
WARNING: Unable to find CDP implementation matching 142
Nov 15, 2025 7:31:47 PM org.openqa.selenium.chromium.ChromiumDriver lambda$new$5
WARNING: Unable to find version of CDP to use for 142.0.7444.163. You may need to include a dependency on a specific version of the CDP using something similar to `org.seleniumhq.selenium:selenium-devtools-v86:4.27.0` where the version ("v86") matches the version of the chromium-based browser you're using and the version number of the artifact is the same as Selenium's.
]]></system-err>
  </testcase>
  <testcase name="inventories" classname="automation.tests.InventoriesTest" time="38.599">
    <system-out><![CDATA[Applying filter for attribute: status
Entering filter value: In Stock
Applying filter for attribute: pntype
Entering filter value: Consumable
Entering filter value: Stand
Applying filter for attribute: stockvisible
Entering filter value: Yes
Applying filter for attribute: dynamic
Entering filter value: E
6 seconds taken to complete the filtering
Validating results for column: status
Filter value: In Stock | Matching column value: IN STOCK
Filter value: In Stock | Matching column value: IN STOCK
Filter value: In Stock | Matching column value: IN STOCK
Filter value: In Stock | Matching column value: IN STOCK
Filter value: In Stock | Matching column value: IN STOCK
Filter value: In Stock | Matching column value: IN STOCK
Filter value: In Stock | Matching column value: IN STOCK
Filter value: In Stock | Matching column value: IN STOCK
Filter value: In Stock | Matching column value: IN STOCK
Filter value: In Stock | Matching column value: IN STOCK
Filter value: In Stock | Matching column value: IN STOCK
Validating results for column: pntype
Filter value: Consumable | Matching column value: CONSUMABLE
Filter value: Consumable | Matching column value: CONSUMABLE
Filter value: Consumable | Matching column value: CONSUMABLE
Filter value: Consumable | Matching column value: CONSUMABLE
Filter value: Consumable | Matching column value: CONSUMABLE
Filter value: Consumable | Matching column value: CONSUMABLE
Filter value: Consumable | Matching column value: CONSUMABLE
Filter value: Consumable | Matching column value: CONSUMABLE
Filter value: Consumable | Matching column value: CONSUMABLE
Filter value: Consumable | Matching column value: CONSUMABLE
Filter value: Consumable | Matching column value: CONSUMABLE
Validating results for column: stockvisible
Filter value: Yes | Matching column value: Yes
Filter value: Yes | Matching column value: Yes
Filter value: Yes | Matching column value: Yes
Filter value: Yes | Matching column value: Yes
Filter value: Yes | Matching column value: Yes
Filter value: Yes | Matching column value: Yes
Filter value: Yes | Matching column value: Yes
Filter value: Yes | Matching column value: Yes
Filter value: Yes | Matching column value: Yes
Filter value: Yes | Matching column value: Yes
Filter value: Yes | Matching column value: Yes
Validating results for column: dynamic
Filter value: E | Matching column value: E
Filter value: E | Matching column value: E
Filter value: E | Matching column value: E
Filter value: E | Matching column value: E
Filter value: E | Matching column value: E
Filter value: E | Matching column value: E
Filter value: E | Matching column value: E
Filter value: E | Matching column value: E
Filter value: E | Matching column value: E
Filter value: E | Matching column value: E
Filter value: E | Matching column value: E
All filters applied and verified correctly.
]]></system-out>
  </testcase>
</testsuite>