<?xml version="1.0" encoding="UTF-8"?>
<testng-results ignored="0" total="1" passed="1" failed="0" skipped="0">
  <reporter-output>
    <line>
      <![CDATA[Reporter log visible in Jenkins - DIFFERENT]]>
    </line>
  </reporter-output>
  <suite started-at="2026-02-06T10:21:05 IST" name="Default suite" finished-at="2026-02-06T10:21:11 IST" duration-ms="6068">
    <groups>
    </groups>
    <test started-at="2026-02-06T10:21:05 IST" name="Default test" finished-at="2026-02-06T10:21:11 IST" duration-ms="6068">
      <class name="automation.tests.LoginTest">
        <test-method is-config="true" signature="setup()[pri:0, instance:automation.tests.LoginTest@76c3e77a]" started-at="2026-02-06T10:21:05 IST" name="setup" finished-at="2026-02-06T10:21:09 IST" duration-ms="4731" status="PASS">
          <reporter-output>
          </reporter-output>
        </test-method> <!-- setup -->
        <test-method signature="verifylogin()[pri:0, instance:automation.tests.LoginTest@76c3e77a]" started-at="2026-02-06T10:21:09 IST" name="verifylogin" finished-at="2026-02-06T10:21:09 IST" duration-ms="152" status="PASS">
          <reporter-output>
            <line>
              <![CDATA[Reporter log visible in Jenkins - DIFFERENT]]>
            </line>
          </reporter-output>
        </test-method> <!-- verifylogin -->
        <test-method is-config="true" signature="afterMethod(org.testng.ITestResult)[pri:0, instance:automation.tests.LoginTest@76c3e77a]" started-at="2026-02-06T10:21:09 IST" name="afterMethod" finished-at="2026-02-06T10:21:10 IST" duration-ms="518" status="PASS">
          <params>
            <param index="0">
              <value>
                <![CDATA[[TestResult name=verifylogin status=SUCCESS method=LoginTest.verifylogin()[pri:0, instance:automation.tests.LoginTest@76c3e77a] output=Reporter log visible in Jenkins - DIFFERENT]]]>
              </value>
            </param>
          </params>
          <reporter-output>
          </reporter-output>
        </test-method> <!-- afterMethod -->
        <test-method is-config="true" signature="afterTest()[pri:0, instance:automation.tests.LoginTest@76c3e77a]" started-at="2026-02-06T10:21:10 IST" name="afterTest" finished-at="2026-02-06T10:21:11 IST" duration-ms="628" status="PASS">
          <reporter-output>
          </reporter-output>
        </test-method> <!-- afterTest -->
      </class> <!-- automation.tests.LoginTest -->
    </test> <!-- Default test -->
  </suite> <!-- Default suite -->
</testng-results>
