<?xml version="1.0" encoding="UTF-8"?>
<testng-results ignored="0" total="1" passed="1" failed="0" skipped="0">
  <reporter-output>
  </reporter-output>
  <suite started-at="2026-02-05T16:30:19 IST" name="Default suite" finished-at="2026-02-05T16:30:26 IST" duration-ms="6803">
    <groups>
    </groups>
    <test started-at="2026-02-05T16:30:19 IST" name="Default test" finished-at="2026-02-05T16:30:26 IST" duration-ms="6803">
      <class name="automation.tests.LoginTest">
        <test-method is-config="true" signature="setup()[pri:0, instance:automation.tests.LoginTest@76c3e77a]" started-at="2026-02-05T16:30:19 IST" name="setup" finished-at="2026-02-05T16:30:25 IST" duration-ms="5802" status="PASS">
          <reporter-output>
          </reporter-output>
        </test-method> <!-- setup -->
        <test-method signature="verifylogin()[pri:0, instance:automation.tests.LoginTest@76c3e77a]" started-at="2026-02-05T16:30:25 IST" name="verifylogin" finished-at="2026-02-05T16:30:25 IST" duration-ms="125" status="PASS">
          <reporter-output>
          </reporter-output>
        </test-method> <!-- verifylogin -->
        <test-method is-config="true" signature="afterMethod(org.testng.ITestResult)[pri:0, instance:automation.tests.LoginTest@76c3e77a]" started-at="2026-02-05T16:30:25 IST" name="afterMethod" finished-at="2026-02-05T16:30:25 IST" duration-ms="482" status="PASS">
          <params>
            <param index="0">
              <value>
                <![CDATA[[TestResult name=verifylogin status=SUCCESS method=LoginTest.verifylogin()[pri:0, instance:automation.tests.LoginTest@76c3e77a] output={null}]]]>
              </value>
            </param>
          </params>
          <reporter-output>
          </reporter-output>
        </test-method> <!-- afterMethod -->
        <test-method is-config="true" signature="afterTest()[pri:0, instance:automation.tests.LoginTest@76c3e77a]" started-at="2026-02-05T16:30:25 IST" name="afterTest" finished-at="2026-02-05T16:30:26 IST" duration-ms="333" status="PASS">
          <reporter-output>
          </reporter-output>
        </test-method> <!-- afterTest -->
      </class> <!-- automation.tests.LoginTest -->
    </test> <!-- Default test -->
  </suite> <!-- Default suite -->
</testng-results>
