<?xml version="1.0" encoding="UTF-8"?>
<!-- Generated by org.testng.reporters.JUnitReportReporter -->
<testsuite hostname="DESKTOP-28UNI6L" failures="0" tests="3" name="automation.tests.AnalyticsTest" time="67.197" errors="0" timestamp="2025-12-16T15:58:35 IST" skipped="0">
  <testcase classname="automation.tests.AnalyticsTest" name="verifylogin" time="4.451"/>
  <testcase classname="automation.tests.AnalyticsTest" name="vendorregiongraphverification" time="31.023"/>
  <testcase classname="automation.tests.AnalyticsTest" name="projectstatusgraphverification" time="31.723"/>
</testsuite> <!-- automation.tests.AnalyticsTest -->
