<?xml version="1.0" encoding="UTF-8"?>
<!-- Generated by org.testng.reporters.JUnitReportReporter -->
<testsuite hostname="DESKTOP-28UNI6L" failures="0" tests="2" name="automation.tests.InventoriesTest" time="29.674" errors="0" timestamp="2025-11-07T10:18:16 IST" skipped="0">
  <testcase classname="automation.tests.InventoriesTest" name="verifylogin" time="2.564"/>
  <testcase classname="automation.tests.InventoriesTest" name="inventories" time="27.110"/>
</testsuite> <!-- automation.tests.InventoriesTest -->
