<?xml version="1.0" encoding="UTF-8"?>
<!-- Generated by org.testng.reporters.JUnitReportReporter -->
<testsuite hostname="DESKTOP-28UNI6L" failures="0" tests="8" name="automation.tests.AssetTest" time="321.256" errors="0" timestamp="2025-12-15T16:08:19 IST" skipped="0">
  <testcase classname="automation.tests.AssetTest" name="verifylogin" time="3.347"/>
  <testcase classname="automation.tests.AssetTest" name="verifyProjects" time="12.835"/>
  <testcase classname="automation.tests.AssetTest" name="firstproject" time="5.964"/>
  <testcase classname="automation.tests.AssetTest" name="harvestlist" time="46.956"/>
  <testcase classname="automation.tests.AssetTest" name="firstProject" time="0.282"/>
  <testcase classname="automation.tests.AssetTest" name="inventorycheck" time="5.206"/>
  <testcase classname="automation.tests.AssetTest" name="pricing" time="11.553"/>
  <testcase classname="automation.tests.AssetTest" name="cashflow" time="235.113"/>
</testsuite> <!-- automation.tests.AssetTest -->
