<?xml version="1.0" encoding="UTF-8"?>
<!-- Generated by org.testng.reporters.JUnitReportReporter -->
<testsuite hostname="DESKTOP-28UNI6L" failures="0" tests="1" name="automation.tests.LoginTest" time="0.670" errors="0" timestamp="2026-02-06T10:21:11 IST" skipped="0">
  <testcase classname="automation.tests.LoginTest" name="verifylogin" time="0.670">
    <system-out>
      <![CDATA[Reporter log visible in Jenkins - DIFFERENT]]>
    </system-out>
  </testcase> <!-- verifylogin -->
  <system-out>
    <![CDATA[Reporter log visible in Jenkins - DIFFERENT]]>
  </system-out>
</testsuite> <!-- automation.tests.LoginTest -->
