<?xml version="1.0" encoding="UTF-8"?>
<!-- Generated by org.testng.reporters.JUnitReportReporter -->
<testsuite hostname="DESKTOP-28UNI6L" failures="0" tests="5" name="api.tests.APIUser" time="11.876" errors="0" timestamp="2025-12-29T15:56:06 IST" skipped="0">
  <testcase classname="api.tests.APIUser" name="getUserAfterEdit" time="0.670"/>
  <testcase classname="api.tests.APIUser" name="addUserAPI" time="8.994"/>
  <testcase classname="api.tests.APIUser" name="getUserAfterAdd" time="0.584"/>
  <testcase classname="api.tests.APIUser" name="deleteUserAPI" time="0.756"/>
  <testcase classname="api.tests.APIUser" name="editUserAPI" time="0.872"/>
</testsuite> <!-- api.tests.APIUser -->
