<?xml version="1.0" encoding="UTF-8"?>
<!-- Generated by org.testng.reporters.JUnitReportReporter -->
<testsuite hostname="DESKTOP-28UNI6L" failures="0" tests="2" name="automation.tests.PartsMasterTest" time="52.312" errors="0" timestamp="2025-12-19T10:53:40 IST" skipped="0">
  <testcase classname="automation.tests.PartsMasterTest" name="verifylogin" time="4.324"/>
  <testcase classname="automation.tests.PartsMasterTest" name="partsmaster" time="47.988"/>
</testsuite> <!-- automation.tests.PartsMasterTest -->
