<?xml version="1.0" encoding="UTF-8"?>
<!-- Generated by org.testng.reporters.JUnitReportReporter -->
<testsuite hostname="DESKTOP-28UNI6L" failures="0" tests="2" name="automation.tests.InventoriesTest" time="42.636" errors="0" timestamp="2025-11-15T19:32:34 IST" skipped="0">
  <testcase classname="automation.tests.InventoriesTest" name="verifylogin" time="3.989"/>
  <testcase classname="automation.tests.InventoriesTest" name="inventories" time="38.647"/>
</testsuite> <!-- automation.tests.InventoriesTest -->
